CleverTap SDK Assesment/Temp/gradleOut/unityLibrary/build/intermediates/manifest_merge_blame_file/debug/manifest-merger-blame-debug-report.txt
1<?xml version="1.0" encoding="utf-8"?>
2<!-- GENERATED BY UNITY. REMOVE THIS COMMENT TO PREVENT OVERWRITING WHEN EXPORTING AGAIN -->
3<manifest xmlns:android="http://schemas.android.com/apk/res/android"
4    xmlns:tools="http://schemas.android.com/tools"
5    package="com.unity3d.player"
6    android:versionCode="1"
7    android:versionName="0.1" >
8
9    <uses-sdk
10        android:minSdkVersion="19"
10-->src\main\AndroidManifest.xml
11        android:targetSdkVersion="33" />
11-->src\main\AndroidManifest.xml
12
13    <uses-feature android:glEsVersion="0x00030000" />
13-->src\main\AndroidManifest.xml:19:3-52
13-->src\main\AndroidManifest.xml:19:17-49
14    <uses-feature
14-->src\main\AndroidManifest.xml:20:3-91
15        android:name="android.hardware.vulkan.version"
15-->src\main\AndroidManifest.xml:20:17-63
16        android:required="false" />
16-->src\main\AndroidManifest.xml:20:64-88
17
18    <uses-permission android:name="android.permission.INTERNET" />
18-->src\main\AndroidManifest.xml:21:3-65
18-->src\main\AndroidManifest.xml:21:20-62
19    <uses-permission android:name="android.permission.ACCESS_FINE_LOCATION" />
19-->src\main\AndroidManifest.xml:22:3-77
19-->src\main\AndroidManifest.xml:22:20-74
20
21    <uses-feature
21-->src\main\AndroidManifest.xml:23:3-89
22        android:name="android.hardware.location.gps"
22-->src\main\AndroidManifest.xml:23:17-61
23        android:required="false" />
23-->src\main\AndroidManifest.xml:23:62-86
24    <uses-feature
24-->src\main\AndroidManifest.xml:24:3-85
25        android:name="android.hardware.location"
25-->src\main\AndroidManifest.xml:24:17-57
26        android:required="false" />
26-->src\main\AndroidManifest.xml:24:58-82
27    <uses-feature
27-->src\main\AndroidManifest.xml:25:3-88
28        android:name="android.hardware.touchscreen"
28-->src\main\AndroidManifest.xml:25:17-60
29        android:required="false" />
29-->src\main\AndroidManifest.xml:25:61-85
30    <uses-feature
30-->src\main\AndroidManifest.xml:26:3-99
31        android:name="android.hardware.touchscreen.multitouch"
31-->src\main\AndroidManifest.xml:26:17-71
32        android:required="false" />
32-->src\main\AndroidManifest.xml:26:72-96
33    <uses-feature
33-->src\main\AndroidManifest.xml:27:3-108
34        android:name="android.hardware.touchscreen.multitouch.distinct"
34-->src\main\AndroidManifest.xml:27:17-80
35        android:required="false" />
35-->src\main\AndroidManifest.xml:27:81-105
36
37    <application>
37-->src\main\AndroidManifest.xml:4:3-18:17
38        <activity
38-->src\main\AndroidManifest.xml:5:5-12:16
39            android:name="com.unity3d.player.UnityPlayerActivity"
39-->src\main\AndroidManifest.xml:5:15-68
40            android:configChanges="mcc|mnc|locale|touchscreen|keyboard|keyboardHidden|navigation|orientation|screenLayout|uiMode|screenSize|smallestScreenSize|fontScale|layoutDirection|density"
40-->src\main\AndroidManifest.xml:5:182-363
41            android:exported="true"
41-->src\main\AndroidManifest.xml:5:435-458
42            android:hardwareAccelerated="false"
42-->src\main\AndroidManifest.xml:5:399-434
43            android:launchMode="singleTask"
43-->src\main\AndroidManifest.xml:5:150-181
44            android:resizeableActivity="false"
44-->src\main\AndroidManifest.xml:5:364-398
45            android:screenOrientation="fullSensor"
45-->src\main\AndroidManifest.xml:5:111-149
46            android:theme="@style/UnityThemeSelector" >
46-->src\main\AndroidManifest.xml:5:69-110
47            <intent-filter>
47-->src\main\AndroidManifest.xml:6:7-9:23
48                <action android:name="android.intent.action.MAIN" />
48-->src\main\AndroidManifest.xml:7:9-61
48-->src\main\AndroidManifest.xml:7:17-58
49
50                <category android:name="android.intent.category.LAUNCHER" />
50-->src\main\AndroidManifest.xml:8:9-69
50-->src\main\AndroidManifest.xml:8:19-66
51            </intent-filter>
52
53            <meta-data
53-->src\main\AndroidManifest.xml:10:7-82
54                android:name="unityplayer.UnityActivity"
54-->src\main\AndroidManifest.xml:10:18-58
55                android:value="true" />
55-->src\main\AndroidManifest.xml:10:59-79
56            <meta-data
56-->src\main\AndroidManifest.xml:11:7-78
57                android:name="android.notch_support"
57-->src\main\AndroidManifest.xml:11:18-54
58                android:value="true" />
58-->src\main\AndroidManifest.xml:11:55-75
59        </activity>
60
61        <meta-data
61-->src\main\AndroidManifest.xml:13:5-69
62            android:name="unity.splash-mode"
62-->src\main\AndroidManifest.xml:13:16-48
63            android:value="0" />
63-->src\main\AndroidManifest.xml:13:49-66
64        <meta-data
64-->src\main\AndroidManifest.xml:14:5-74
65            android:name="unity.splash-enable"
65-->src\main\AndroidManifest.xml:14:16-50
66            android:value="True" />
66-->src\main\AndroidManifest.xml:14:51-71
67        <meta-data
67-->src\main\AndroidManifest.xml:15:5-84
68            android:name="unity.allow-resizable-window"
68-->src\main\AndroidManifest.xml:15:16-59
69            android:value="False" />
69-->src\main\AndroidManifest.xml:15:60-81
70        <meta-data
70-->src\main\AndroidManifest.xml:16:5-81
71            android:name="notch.config"
71-->src\main\AndroidManifest.xml:16:16-43
72            android:value="portrait|landscape" />
72-->src\main\AndroidManifest.xml:16:44-78
73        <meta-data
73-->src\main\AndroidManifest.xml:17:5-101
74            android:name="unity.build-id"
74-->src\main\AndroidManifest.xml:17:16-45
75            android:value="13a3577e-ba4d-4b14-a50f-f6be18eb3171" />
75-->src\main\AndroidManifest.xml:17:46-98
76    </application>
77
78</manifest>